Compilación iniciada a las 18/03/2015 11:54:11.
     1>Proyecto "C:\Users\guillemmp3\Desktop\projecte1\SDL Game\SDL Game.vcxproj" en el nodo 2 (Build destinos).
     1>ClCompile:
         C:\soft\Microsoft Visual Studio 12.0\VC\bin\CL.exe /c /ZI /nologo /W3 /WX- /sdl /Od /Oy- /D _MBCS /Gm /RTC1 /MDd /GS /fp:precise /Zc:wchar_t /Zc:forScope /Fo"Debug\\" /Fd"Debug\vc120.pdb" /Gd /TP /analyze- /errorReport:prompt Application.cpp Main.cpp ModuleWindow.cpp log.cpp
         ModuleWindow.cpp
         Generando código...
         Compilando...
         log.cpp
         Main.cpp
         Application.cpp
         Generando código...
       Link:
         C:\soft\Microsoft Visual Studio 12.0\VC\bin\link.exe /ERRORREPORT:PROMPT /OUT:"C:\Users\guillemmp3\Desktop\projecte1\SDL Game\Debug\SDL Game.exe" /INCREMENTAL /NOLOGO SDL2.lib SDL2main.lib kernel32.lib user32.lib gdi32.lib winspool.lib comdlg32.lib advapi32.lib shell32.lib ole32.lib oleaut32.lib uuid.lib odbc32.lib odbccp32.lib /MANIFEST /MANIFESTUAC:"level='asInvoker' uiAccess='false'" /manifest:embed /DEBUG /PDB:"C:\Users\guillemmp3\Desktop\projecte1\SDL Game\Debug\SDL Game.pdb" /SUBSYSTEM:WINDOWS /TLBID:1 /DYNAMICBASE /NXCOMPAT /IMPLIB:"C:\Users\guillemmp3\Desktop\projecte1\SDL Game\Debug\SDL Game.lib" /MACHINE:X86 Debug\Application.obj
         Debug\log.obj
         Debug\Main.obj
         Debug\ModuleWindow.obj
         SDL Game.vcxproj -> C:\Users\guillemmp3\Desktop\projecte1\SDL Game\Debug\SDL Game.exe
     1>Compilación del proyecto terminada "C:\Users\guillemmp3\Desktop\projecte1\SDL Game\SDL Game.vcxproj" (Build destinos).

Compilación correcta.

Tiempo transcurrido 00:00:05.04
